Build started 3/31/2012 11:51:48 AM.
Project "C:\Users\Adrian\Documents\C++ Projects\Hero vs Villan\Hero vs Villan\Hero vs Villan.vcxproj" on node 2 (build target(s)).
InitializeBuildStatus:
  Creating "Debug\Hero vs Villan.unsuccessfulbuild" because "AlwaysCreate" was specified.
ClCompile:
  c:\Program Files (x86)\Microsoft Visual Studio 10.0\VC\bin\CL.exe /c /ZI /nologo /W3 /WX- /Od /Oy- /D _MBCS /Gm /EHsc /RTC1 /MDd /GS /fp:precise /Zc:wchar_t /Zc:forScope /Fo"Debug\\" /Fd"Debug\vc100.pdb" /Gd /TP /analyze- /errorReport:prompt main.cpp
  main.cpp
c:\users\adrian\documents\c++ projects\hero vs villan\hero vs villan\main.cpp(115): warning C4244: 'argument' : conversion from 'time_t' to 'unsigned int', possible loss of data
c:\users\adrian\documents\c++ projects\hero vs villan\hero vs villan\main.cpp(592): warning C4018: '>' : signed/unsigned mismatch
c:\users\adrian\documents\c++ projects\hero vs villan\hero vs villan\main.cpp(679): warning C4018: '>' : signed/unsigned mismatch
c:\users\adrian\documents\c++ projects\hero vs villan\hero vs villan\main.cpp(807): warning C4018: '<' : signed/unsigned mismatch
c:\users\adrian\documents\c++ projects\hero vs villan\hero vs villan\main.cpp(798): warning C4715: 'TellStory' : not all control paths return a value
Link:
  c:\Program Files (x86)\Microsoft Visual Studio 10.0\VC\bin\link.exe /ERRORREPORT:PROMPT /OUT:"C:\Users\Adrian\Documents\C++ Projects\Hero vs Villan\Debug\Hero vs Villan.exe" /NOLOGO kernel32.lib user32.lib gdi32.lib winspool.lib comdlg32.lib advapi32.lib shell32.lib ole32.lib oleaut32.lib uuid.lib odbc32.lib odbccp32.lib /MANIFEST /ManifestFile:"Debug\Hero vs Villan.exe.intermediate.manifest" /MANIFESTUAC:"level='asInvoker' uiAccess='false'" /DEBUG /PDB:"C:\Users\Adrian\Documents\C++ Projects\Hero vs Villan\Debug\Hero vs Villan.pdb" /TLBID:1 /DYNAMICBASE /NXCOMPAT /IMPLIB:"C:\Users\Adrian\Documents\C++ Projects\Hero vs Villan\Debug\Hero vs Villan.lib" /MACHINE:X86 Debug\main.obj
  LINK : C:\Users\Adrian\Documents\C++ Projects\Hero vs Villan\Debug\Hero vs Villan.exe not found or not built by the last incremental link; performing full link
  Hero vs Villan.vcxproj -> C:\Users\Adrian\Documents\C++ Projects\Hero vs Villan\Debug\Hero vs Villan.exe
Manifest:
  c:\Program Files (x86)\Microsoft SDKs\Windows\v7.0A\bin\mt.exe /nologo /verbose /outputresource:"C:\Users\Adrian\Documents\C++ Projects\Hero vs Villan\Debug\Hero vs Villan.exe;#1" /manifest "Debug\Hero vs Villan.exe.intermediate.manifest"
FinalizeBuildStatus:
  Deleting file "Debug\Hero vs Villan.unsuccessfulbuild".
  Touching "Debug\Hero vs Villan.lastbuildstate".
Done Building Project "C:\Users\Adrian\Documents\C++ Projects\Hero vs Villan\Hero vs Villan\Hero vs Villan.vcxproj" (build target(s)).

Build succeeded.

Time Elapsed 00:00:03.18
